<?xml version="1.0" encoding="UTF-8"?>
<!-- Generated by org.testng.reporters.JUnitReportReporter -->
<testsuite hostname="DESKTOP-9CG3S45" failures="0" tests="1" name="testFiles.TC_1_LoginToAmazon" time="15.254" errors="0" timestamp="2025-05-26T16:33:47 IST" skipped="0">
  <testcase classname="testFiles.TC_1_LoginToAmazon" name="loginToAmazon" time="15.254">
    <system-out>
      <![CDATA[Assert is passed]]>
    </system-out>
  </testcase> <!-- loginToAmazon -->
  <system-out>
    <![CDATA[Browser is successfully launched
Assert is passed
Browser is successfully closed]]>
  </system-out>
</testsuite> <!-- testFiles.TC_1_LoginToAmazon -->
