<?xml version="1.0" encoding="UTF-8"?>
<!-- Generated by org.testng.reporters.JUnitReportReporter -->
<testsuite hostname="DESKTOP-9CG3S45" failures="0" tests="1" name="testFiles.TC5_LoginToAmazon_FindBrokenLinksHomepage_Logout" time="72.288" errors="0" timestamp="2025-06-26T19:40:32 IST" skipped="0">
  <testcase classname="testFiles.TC5_LoginToAmazon_FindBrokenLinksHomepage_Logout" name="brokenLinks" time="72.288">
    <system-out>
      <![CDATA[Test case is Pass]]>
    </system-out>
  </testcase> <!-- brokenLinks -->
  <system-out>
    <![CDATA[Browser is successfully launched
Test case is Pass
Browser is successfully closed
Browser is successfully launched
Moving control from parent to child window
Test case is Pass
Browser is successfully closed
Browser is successfully launched
Moving control from parent to child window
Test case is Pass
Browser is successfully closed
Browser is successfully launched
Test case is Pass
Browser is successfully closed
Browser is successfully launched
Test case is Pass
Browser is successfully closed]]>
  </system-out>
</testsuite> <!-- testFiles.TC5_LoginToAmazon_FindBrokenLinksHomepage_Logout -->
